DEPRECATION WARNING: ActiveRecord::Base.raise_in_transactional_callbacks= is deprecated, has no effect and will be removed without replacement. (called from block in _load_from at config/puma.rb:15)
DEPRECATION WARNING: ActiveRecord::Base.raise_in_transactional_callbacks= is deprecated, has no effect and will be removed without replacement. (called from block in _load_from at config/puma.rb:15)
Started GET "/" for ::1 at 2016-07-25 10:56:06 -0400
  
ActiveRecord::PendingMigrationError (

Migrations are pending. To resolve this issue, run:

	bin/rails db:migrate RAILS_ENV=development

):
  
activerecord (5.0.0) lib/active_record/migration.rb:572:in `check_pending!'
activerecord (5.0.0) lib/active_record/migration.rb:548:in `call'
actionpack (5.0.0) lib/action_dispatch/middleware/callbacks.rb:38:in `block in call'
activesupport (5.0.0) lib/active_support/callbacks.rb:97:in `__run_callbacks__'
activesupport (5.0.0) lib/active_support/callbacks.rb:750:in `_run_call_callbacks'
activesupport (5.0.0) lib/active_support/callbacks.rb:90:in `run_callbacks'
actionpack (5.0.0) lib/action_dispatch/middleware/callbacks.rb:36:in `call'
actionpack (5.0.0) lib/action_dispatch/middleware/executor.rb:12:in `call'
actionpack (5.0.0) lib/action_dispatch/middleware/remote_ip.rb:79:in `call'
actionpack (5.0.0) lib/action_dispatch/middleware/debug_exceptions.rb:49:in `call'
web-console (3.3.1) lib/web_console/middleware.rb:131:in `call_app'
web-console (3.3.1) lib/web_console/middleware.rb:28:in `block in call'
web-console (3.3.1) lib/web_console/middleware.rb:18:in `catch'
web-console (3.3.1) lib/web_console/middleware.rb:18:in `call'
actionpack (5.0.0) lib/action_dispatch/middleware/show_exceptions.rb:31:in `call'
railties (5.0.0) lib/rails/rack/logger.rb:36:in `call_app'
railties (5.0.0) lib/rails/rack/logger.rb:24:in `block in call'
activesupport (5.0.0) lib/active_support/tagged_logging.rb:70:in `block in tagged'
activesupport (5.0.0) lib/active_support/tagged_logging.rb:26:in `tagged'
activesupport (5.0.0) lib/active_support/tagged_logging.rb:70:in `tagged'
railties (5.0.0) lib/rails/rack/logger.rb:24:in `call'
actionpack (5.0.0) lib/action_dispatch/middleware/request_id.rb:24:in `call'
rack (2.0.1) lib/rack/method_override.rb:22:in `call'
rack (2.0.1) lib/rack/runtime.rb:22:in `call'
activesupport (5.0.0) lib/active_support/cache/strategy/local_cache_middleware.rb:28:in `call'
actionpack (5.0.0) lib/action_dispatch/middleware/executor.rb:12:in `call'
actionpack (5.0.0) lib/action_dispatch/middleware/static.rb:136:in `call'
rack (2.0.1) lib/rack/sendfile.rb:111:in `call'
railties (5.0.0) lib/rails/engine.rb:522:in `call'
puma (3.6.0) lib/puma/configuration.rb:225:in `call'
puma (3.6.0) lib/puma/server.rb:578:in `handle_request'
puma (3.6.0) lib/puma/server.rb:415:in `process_client'
puma (3.6.0) lib/puma/server.rb:275:in `block in run'
puma (3.6.0) lib/puma/thread_pool.rb:116:in `block in spawn_thread'
  Rendering /Users/Witherberry/.rvm/gems/ruby-2.2.1/gems/actionpack-5.0.0/lib/action_dispatch/middleware/templates/rescues/diagnostics.html.erb within rescues/layout
  Rendering /Users/Witherberry/.rvm/gems/ruby-2.2.1/gems/actionpack-5.0.0/lib/action_dispatch/middleware/templates/rescues/_source.html.erb
  Rendered /Users/Witherberry/.rvm/gems/ruby-2.2.1/gems/actionpack-5.0.0/lib/action_dispatch/middleware/templates/rescues/_source.html.erb (11.1ms)
  Rendering /Users/Witherberry/.rvm/gems/ruby-2.2.1/gems/actionpack-5.0.0/lib/action_dispatch/middleware/templates/rescues/_trace.html.erb
  Rendered /Users/Witherberry/.rvm/gems/ruby-2.2.1/gems/actionpack-5.0.0/lib/action_dispatch/middleware/templates/rescues/_trace.html.erb (1.9ms)
  Rendering /Users/Witherberry/.rvm/gems/ruby-2.2.1/gems/actionpack-5.0.0/lib/action_dispatch/middleware/templates/rescues/_request_and_response.html.erb
  Rendered /Users/Witherberry/.rvm/gems/ruby-2.2.1/gems/actionpack-5.0.0/lib/action_dispatch/middleware/templates/rescues/_request_and_response.html.erb (1.2ms)
  Rendered /Users/Witherberry/.rvm/gems/ruby-2.2.1/gems/actionpack-5.0.0/lib/action_dispatch/middleware/templates/rescues/diagnostics.html.erb within rescues/layout (150.9ms)
DEPRECATION WARNING: ActiveRecord::Base.raise_in_transactional_callbacks= is deprecated, has no effect and will be removed without replacement. (called from load at /Users/Witherberry/.rbenv/versions/2.3.0/bin/rake:23)
  [1m[35m (1.6ms)[0m  [1m[35mCREATE TABLE "schema_migrations" ("version" varchar NOT NULL PRIMARY KEY)[0m
  [1m[35m (1.6ms)[0m  [1m[35mCREATE TABLE "ar_internal_metadata" ("key" varchar NOT NULL PRIMARY KEY, "value" varchar, "created_at" datetime NOT NULL, "updated_at" datetime NOT NULL)[0m
  [1m[36mActiveRecord::SchemaMigration Load (0.2ms)[0m  [1m[34mSELECT "schema_migrations".* FROM "schema_migrations"[0m
Migrating to CreateUsers (20160229124138)
  [1m[35m (0.1ms)[0m  [1m[36mbegin transaction[0m
DEPRECATION WARNING: Directly inheriting from ActiveRecord::Migration is deprecated. Please specify the Rails release the migration was written for:

  class CreateUsers < ActiveRecord::Migration[4.2] (called from load at /Users/Witherberry/.rbenv/versions/2.3.0/bin/rake:23)
  [1m[35m (0.6ms)[0m  [1m[35mCREATE TABLE "users" ("id" INTEGER PRIMARY KEY AUTOINCREMENT NOT NULL, "name" varchar, "email" varchar, "created_at" datetime NOT NULL, "updated_at" datetime NOT NULL)[0m
  [1m[35mSQL (0.3ms)[0m  [1m[32mINSERT INTO "schema_migrations" ("version") VALUES (?)[0m  [["version", "20160229124138"]]
  [1m[35m (1.4ms)[0m  [1m[36mcommit transaction[0m
Migrating to AddIndexToUsersEmail (20160229163445)
  [1m[35m (0.1ms)[0m  [1m[36mbegin transaction[0m
DEPRECATION WARNING: Directly inheriting from ActiveRecord::Migration is deprecated. Please specify the Rails release the migration was written for:

  class AddIndexToUsersEmail < ActiveRecord::Migration[4.2] (called from load at /Users/Witherberry/.rbenv/versions/2.3.0/bin/rake:23)
  [1m[35m (0.1ms)[0m  [1m[34mselect sqlite_version(*)[0m
  [1m[35m (0.4ms)[0m  [1m[35mCREATE UNIQUE INDEX "index_users_on_email" ON "users" ("email")[0m
  [1m[35mSQL (0.2ms)[0m  [1m[32mINSERT INTO "schema_migrations" ("version") VALUES (?)[0m  [["version", "20160229163445"]]
  [1m[35m (1.4ms)[0m  [1m[36mcommit transaction[0m
Migrating to AddPasswordDigestToUsers (20160229165814)
  [1m[35m (0.1ms)[0m  [1m[36mbegin transaction[0m
DEPRECATION WARNING: Directly inheriting from ActiveRecord::Migration is deprecated. Please specify the Rails release the migration was written for:

  class AddPasswordDigestToUsers < ActiveRecord::Migration[4.2] (called from load at /Users/Witherberry/.rbenv/versions/2.3.0/bin/rake:23)
  [1m[35m (0.5ms)[0m  [1m[35mALTER TABLE "users" ADD "password_digest" varchar[0m
  [1m[35mSQL (0.2ms)[0m  [1m[32mINSERT INTO "schema_migrations" ("version") VALUES (?)[0m  [["version", "20160229165814"]]
  [1m[35m (1.7ms)[0m  [1m[36mcommit transaction[0m
Migrating to AddRememberDigestToUsers (20160301230123)
  [1m[35m (0.1ms)[0m  [1m[36mbegin transaction[0m
DEPRECATION WARNING: Directly inheriting from ActiveRecord::Migration is deprecated. Please specify the Rails release the migration was written for:

  class AddRememberDigestToUsers < ActiveRecord::Migration[4.2] (called from load at /Users/Witherberry/.rbenv/versions/2.3.0/bin/rake:23)
  [1m[35m (0.6ms)[0m  [1m[35mALTER TABLE "users" ADD "remember_digest" varchar[0m
  [1m[35mSQL (0.2ms)[0m  [1m[32mINSERT INTO "schema_migrations" ("version") VALUES (?)[0m  [["version", "20160301230123"]]
  [1m[35m (2.7ms)[0m  [1m[36mcommit transaction[0m
Migrating to AddAdminToUsers (20160303190424)
  [1m[35m (0.1ms)[0m  [1m[36mbegin transaction[0m
DEPRECATION WARNING: Directly inheriting from ActiveRecord::Migration is deprecated. Please specify the Rails release the migration was written for:

  class AddAdminToUsers < ActiveRecord::Migration[4.2] (called from load at /Users/Witherberry/.rbenv/versions/2.3.0/bin/rake:23)
  [1m[35m (0.5ms)[0m  [1m[35mALTER TABLE "users" ADD "admin" boolean[0m
  [1m[35mSQL (0.2ms)[0m  [1m[32mINSERT INTO "schema_migrations" ("version") VALUES (?)[0m  [["version", "20160303190424"]]
  [1m[35m (1.3ms)[0m  [1m[36mcommit transaction[0m
Migrating to AddActivationToUsers (20160304185111)
  [1m[35m (0.1ms)[0m  [1m[36mbegin transaction[0m
DEPRECATION WARNING: Directly inheriting from ActiveRecord::Migration is deprecated. Please specify the Rails release the migration was written for:

  class AddActivationToUsers < ActiveRecord::Migration[4.2] (called from load at /Users/Witherberry/.rbenv/versions/2.3.0/bin/rake:23)
  [1m[35m (0.5ms)[0m  [1m[35mALTER TABLE "users" ADD "activation_digest" varchar[0m
  [1m[35m (0.2ms)[0m  [1m[35mALTER TABLE "users" ADD "activated" boolean DEFAULT 'f'[0m
  [1m[35m (0.2ms)[0m  [1m[35mALTER TABLE "users" ADD "activated_at" datetime[0m
  [1m[35mSQL (0.2ms)[0m  [1m[32mINSERT INTO "schema_migrations" ("version") VALUES (?)[0m  [["version", "20160304185111"]]
  [1m[35m (1.1ms)[0m  [1m[36mcommit transaction[0m
Migrating to AddResetToUsers (20160305035908)
  [1m[35m (0.1ms)[0m  [1m[36mbegin transaction[0m
DEPRECATION WARNING: Directly inheriting from ActiveRecord::Migration is deprecated. Please specify the Rails release the migration was written for:

  class AddResetToUsers < ActiveRecord::Migration[4.2] (called from load at /Users/Witherberry/.rbenv/versions/2.3.0/bin/rake:23)
  [1m[35m (0.5ms)[0m  [1m[35mALTER TABLE "users" ADD "reset_digest" varchar[0m
  [1m[35m (0.2ms)[0m  [1m[35mALTER TABLE "users" ADD "reset_sent_at" datetime[0m
  [1m[35mSQL (0.2ms)[0m  [1m[32mINSERT INTO "schema_migrations" ("version") VALUES (?)[0m  [["version", "20160305035908"]]
  [1m[35m (1.4ms)[0m  [1m[36mcommit transaction[0m
  [1m[36mActiveRecord::InternalMetadata Load (0.2ms)[0m  [1m[34mSELECT  "ar_internal_metadata".* FROM "ar_internal_metadata" WHERE "ar_internal_metadata"."key" = ? LIMIT ?[0m  [["key", :environment], ["LIMIT", 1]]
  [1m[35m (0.1ms)[0m  [1m[36mbegin transaction[0m
  [1m[35mSQL (6.6ms)[0m  [1m[32mINSERT INTO "ar_internal_metadata" ("key", "value", "created_at", "updated_at") VALUES (?, ?, ?, ?)[0m  [["key", "environment"], ["value", "development"], ["created_at", 2016-07-25 15:00:09 UTC], ["updated_at", 2016-07-25 15:00:09 UTC]]
  [1m[35m (19.1ms)[0m  [1m[36mcommit transaction[0m
  [1m[36mActiveRecord::SchemaMigration Load (0.2ms)[0m  [1m[34mSELECT "schema_migrations".* FROM "schema_migrations"[0m
  [1m[35m (0.1ms)[0m  [1m[34m            SELECT sql
            FROM sqlite_master
            WHERE name='index_users_on_email' AND type='index'
            UNION ALL
            SELECT sql
            FROM sqlite_temp_master
            WHERE name='index_users_on_email' AND type='index'
[0m
DEPRECATION WARNING: ActiveRecord::Base.raise_in_transactional_callbacks= is deprecated, has no effect and will be removed without replacement. (called from block in _load_from at config/puma.rb:15)
DEPRECATION WARNING: ActiveRecord::Base.raise_in_transactional_callbacks= is deprecated, has no effect and will be removed without replacement. (called from block in _load_from at config/puma.rb:15)
DEPRECATION WARNING: ActiveRecord::Base.raise_in_transactional_callbacks= is deprecated, has no effect and will be removed without replacement. (called from load at /Users/Witherberry/.rvm/gems/ruby-2.3.1/bin/rake:23)
  [1m[36mActiveRecord::SchemaMigration Load (0.3ms)[0m  [1m[34mSELECT "schema_migrations".* FROM "schema_migrations"[0m
  [1m[36mActiveRecord::InternalMetadata Load (0.4ms)[0m  [1m[34mSELECT  "ar_internal_metadata".* FROM "ar_internal_metadata" WHERE "ar_internal_metadata"."key" = ? LIMIT ?[0m  [["key", :environment], ["LIMIT", 1]]
  [1m[35m (0.2ms)[0m  [1m[36mbegin transaction[0m
  [1m[35m (0.1ms)[0m  [1m[36mcommit transaction[0m
  [1m[36mActiveRecord::SchemaMigration Load (0.1ms)[0m  [1m[34mSELECT "schema_migrations".* FROM "schema_migrations"[0m
  [1m[35m (0.1ms)[0m  [1m[34m            SELECT sql
            FROM sqlite_master
            WHERE name='index_users_on_email' AND type='index'
            UNION ALL
            SELECT sql
            FROM sqlite_temp_master
            WHERE name='index_users_on_email' AND type='index'
[0m
Started GET "/" for ::1 at 2016-07-25 11:26:54 -0400
  [1m[36mActiveRecord::SchemaMigration Load (0.3ms)[0m  [1m[34mSELECT "schema_migrations".* FROM "schema_migrations"[0m
Processing by StaticPagesController#home as HTML
  Rendering static_pages/home.html.erb within layouts/application
  Rendered static_pages/home.html.erb within layouts/application (7.9ms)
  Rendered layouts/_shim.html.erb (0.7ms)
  Rendered layouts/_header.html.erb (6.8ms)
  Rendered layouts/_footer.html.erb (3.9ms)
Completed 200 OK in 7312ms (Views: 7290.5ms | ActiveRecord: 0.0ms)


Started GET "/assets/password_resets.self-e3b0c44298fc1c149afbf4c8996fb92427ae41e4649b934ca495991b7852b855.css?body=1" for ::1 at 2016-07-25 11:27:01 -0400
Started GET "/assets/static_pages.self-e3b0c44298fc1c149afbf4c8996fb92427ae41e4649b934ca495991b7852b855.css?body=1" for ::1 at 2016-07-25 11:27:01 -0400
Started GET "/assets/application.self-e80e8f2318043e8af94dddc2adad5a4f09739a8ebb323b3ab31cd71d45fd9113.css?body=1" for ::1 at 2016-07-25 11:27:01 -0400
Started GET "/assets/custom.self-71f116e3588314f5f7ee3c5ed173ca1fca8fec11cf1ff038b6707a5fa0893ad3.css?body=1" for ::1 at 2016-07-25 11:27:01 -0400
Started GET "/assets/users.self-e3b0c44298fc1c149afbf4c8996fb92427ae41e4649b934ca495991b7852b855.css?body=1" for ::1 at 2016-07-25 11:27:01 -0400
Started GET "/assets/account_activations.self-877aef30ae1b040ab8a3aba4e3e309a11d7f2612f44dde450b5c157aa5f95c05.js?body=1" for ::1 at 2016-07-25 11:27:01 -0400
Started GET "/assets/account_activations.self-e3b0c44298fc1c149afbf4c8996fb92427ae41e4649b934ca495991b7852b855.css?body=1" for ::1 at 2016-07-25 11:27:01 -0400
Started GET "/assets/jquery.self-660adc51e0224b731d29f575a6f1ec167ba08ad06ed5deca4f1e8654c135bf4c.js?body=1" for ::1 at 2016-07-25 11:27:01 -0400
Started GET "/assets/static_pages.self-877aef30ae1b040ab8a3aba4e3e309a11d7f2612f44dde450b5c157aa5f95c05.js?body=1" for ::1 at 2016-07-25 11:27:01 -0400
Started GET "/assets/password_resets.self-877aef30ae1b040ab8a3aba4e3e309a11d7f2612f44dde450b5c157aa5f95c05.js?body=1" for ::1 at 2016-07-25 11:27:01 -0400
Started GET "/assets/bootstrap.self-d0e973a52d36a01036265aeefaf2d1ae3499d2cb231a9be3bd846432daf231de.js?body=1" for ::1 at 2016-07-25 11:27:01 -0400
Started GET "/assets/sessions.self-877aef30ae1b040ab8a3aba4e3e309a11d7f2612f44dde450b5c157aa5f95c05.js?body=1" for ::1 at 2016-07-25 11:27:01 -0400
Started GET "/assets/application.self-f8806224e027f3e3f0138ea9ce99319e298dfdb323304d1f1be6eae8e8c74724.js?body=1" for ::1 at 2016-07-25 11:27:01 -0400
Started GET "/assets/users.self-877aef30ae1b040ab8a3aba4e3e309a11d7f2612f44dde450b5c157aa5f95c05.js?body=1" for ::1 at 2016-07-25 11:27:01 -0400
Started GET "/assets/jquery_ujs.self-e87806d0cf4489aeb1bb7288016024e8de67fd18db693fe026fe3907581e53cd.js?body=1" for ::1 at 2016-07-25 11:27:01 -0400
Started GET "/assets/turbolinks.self-c5acd7a204f5f25ce7a1d8a0e4d92e28d34c9e2df2c7371cd7af88e147e4ad82.js?body=1" for ::1 at 2016-07-25 11:27:01 -0400
Started GET "/assets/rushlightlogo-a492aa99efca99ba77448030405591bfff291f3e53273e4ed4fb78dde342072a.png" for ::1 at 2016-07-25 11:27:01 -0400
Started GET "/assets/sessions.self-e3b0c44298fc1c149afbf4c8996fb92427ae41e4649b934ca495991b7852b855.css?body=1" for ::1 at 2016-07-25 11:27:02 -0400
Started GET "/assets/favicon-0a0757c52aba2900c36c4d38cf4f9cc9c430386d9f6d2279f5d567c7ab25d9b2.ico" for ::1 at 2016-07-25 11:27:02 -0400
Started GET "/signup" for ::1 at 2016-07-25 11:27:10 -0400
Processing by UsersController#new as HTML
  Rendering users/new.html.erb within layouts/application
  Rendered shared/_error_messages.html.erb (0.8ms)
  Rendered users/new.html.erb within layouts/application (806.8ms)
  Rendered layouts/_shim.html.erb (0.7ms)
  Rendered layouts/_header.html.erb (2.0ms)
  Rendered layouts/_footer.html.erb (10.5ms)
Completed 200 OK in 994ms (Views: 962.4ms | ActiveRecord: 1.2ms)


Started GET "/about" for ::1 at 2016-07-25 11:27:18 -0400
Processing by StaticPagesController#about as HTML
  Rendering static_pages/about.html.erb within layouts/application
  Rendered static_pages/about.html.erb within layouts/application (0.8ms)
  Rendered layouts/_shim.html.erb (0.5ms)
  Rendered layouts/_header.html.erb (1.6ms)
  Rendered layouts/_footer.html.erb (3.4ms)
Completed 200 OK in 114ms (Views: 91.9ms | ActiveRecord: 0.0ms)


Started GET "/contact" for ::1 at 2016-07-25 11:27:21 -0400
Processing by StaticPagesController#contact as HTML
  Rendering static_pages/contact.html.erb within layouts/application
  Rendered static_pages/contact.html.erb within layouts/application (0.9ms)
  Rendered layouts/_shim.html.erb (0.5ms)
  Rendered layouts/_header.html.erb (1.7ms)
  Rendered layouts/_footer.html.erb (3.3ms)
Completed 200 OK in 93ms (Views: 88.8ms | ActiveRecord: 0.0ms)


Started GET "/help" for ::1 at 2016-07-25 11:29:20 -0400
  [1m[36mActiveRecord::SchemaMigration Load (0.2ms)[0m  [1m[34mSELECT "schema_migrations".* FROM "schema_migrations"[0m
Processing by StaticPagesController#help as HTML
  Rendering static_pages/help.html.erb within layouts/application
  Rendered static_pages/help.html.erb within layouts/application (2.1ms)
  Rendered layouts/_shim.html.erb (0.5ms)
  Rendered layouts/_header.html.erb (24.0ms)
  Rendered layouts/_footer.html.erb (11.4ms)
Completed 200 OK in 656ms (Views: 594.8ms | ActiveRecord: 0.0ms)


Started GET "/" for ::1 at 2016-07-25 11:29:22 -0400
Processing by StaticPagesController#home as HTML
  Rendering static_pages/home.html.erb within layouts/application
  Rendered static_pages/home.html.erb within layouts/application (1.3ms)
  Rendered layouts/_shim.html.erb (0.4ms)
  Rendered layouts/_header.html.erb (3.1ms)
  Rendered layouts/_footer.html.erb (3.0ms)
Completed 200 OK in 317ms (Views: 232.9ms | ActiveRecord: 0.0ms)


Started GET "/login" for ::1 at 2016-07-25 11:29:24 -0400
Processing by SessionsController#new as HTML
  Rendering sessions/new.html.erb within layouts/application
  Rendered sessions/new.html.erb within layouts/application (711.5ms)
  Rendered layouts/_shim.html.erb (0.5ms)
  Rendered layouts/_header.html.erb (1.5ms)
  Rendered layouts/_footer.html.erb (3.6ms)
Completed 200 OK in 812ms (Views: 807.1ms | ActiveRecord: 0.0ms)


DEPRECATION WARNING: ActiveRecord::Base.raise_in_transactional_callbacks= is deprecated, has no effect and will be removed without replacement. (called from raise_in_transactional_callbacks= at /Users/Witherberry/.rvm/gems/ruby-2.3.1/gems/activerecord-5.0.0/lib/active_record/transactions.rb:283)
  [1m[36mUser Load (0.2ms)[0m  [1m[34mSELECT "users".* FROM "users"[0m
Started GET "/login" for ::1 at 2016-07-25 11:47:36 -0400
Processing by SessionsController#new as HTML
  Rendering sessions/new.html.erb within layouts/application
  Rendered sessions/new.html.erb within layouts/application (15.5ms)
  Rendered layouts/_shim.html.erb (0.4ms)
  Rendered layouts/_header.html.erb (1.2ms)
  Rendered layouts/_footer.html.erb (2.5ms)
Completed 200 OK in 140ms (Views: 133.7ms | ActiveRecord: 0.0ms)


Started GET "/" for ::1 at 2016-07-25 12:03:16 -0400
Processing by StaticPagesController#home as HTML
  Rendering static_pages/home.html.erb within layouts/application
  Rendered static_pages/home.html.erb within layouts/application (0.7ms)
  Rendered layouts/_shim.html.erb (0.4ms)
  Rendered layouts/_header.html.erb (1.4ms)
  Rendered layouts/_footer.html.erb (2.1ms)
Completed 200 OK in 107ms (Views: 104.0ms | ActiveRecord: 0.0ms)


DEPRECATION WARNING: ActiveRecord::Base.raise_in_transactional_callbacks= is deprecated, has no effect and will be removed without replacement. (called from block in _load_from at config/puma.rb:15)
DEPRECATION WARNING: ActiveRecord::Base.raise_in_transactional_callbacks= is deprecated, has no effect and will be removed without replacement. (called from block in _load_from at config/puma.rb:15)
Started GET "/" for ::1 at 2016-07-25 12:23:22 -0400
  [1m[36mActiveRecord::SchemaMigration Load (0.3ms)[0m  [1m[34mSELECT "schema_migrations".* FROM "schema_migrations"[0m
Processing by StaticPagesController#home as HTML
  Rendering static_pages/home.html.erb within layouts/application
  Rendered static_pages/home.html.erb within layouts/application (11.0ms)
  Rendered layouts/_shim.html.erb (2.4ms)
  Rendered layouts/_header.html.erb (10.9ms)
  Rendered layouts/_footer.html.erb (3.6ms)
Completed 200 OK in 751ms (Views: 731.9ms | ActiveRecord: 0.0ms)


Started GET "/login" for ::1 at 2016-07-25 12:23:26 -0400
Processing by SessionsController#new as HTML
  Rendering sessions/new.html.erb within layouts/application
  Rendered sessions/new.html.erb within layouts/application (1006.1ms)
  Rendered layouts/_shim.html.erb (0.5ms)
  Rendered layouts/_header.html.erb (2.7ms)
  Rendered layouts/_footer.html.erb (9.9ms)
Completed 200 OK in 1163ms (Views: 1159.8ms | ActiveRecord: 0.0ms)


Started GET "/signup" for ::1 at 2016-07-25 12:23:33 -0400
Processing by UsersController#new as HTML
  Rendering users/new.html.erb within layouts/application
  Rendered shared/_error_messages.html.erb (0.7ms)
  Rendered users/new.html.erb within layouts/application (9.7ms)
  Rendered layouts/_shim.html.erb (0.4ms)
  Rendered layouts/_header.html.erb (1.3ms)
  Rendered layouts/_footer.html.erb (3.5ms)
Completed 200 OK in 188ms (Views: 107.5ms | ActiveRecord: 0.7ms)


Started GET "/" for ::1 at 2016-07-25 12:23:46 -0400
Processing by StaticPagesController#home as HTML
  Rendering static_pages/home.html.erb within layouts/application
  Rendered static_pages/home.html.erb within layouts/application (11.2ms)
  Rendered layouts/_shim.html.erb (0.5ms)
  Rendered layouts/_header.html.erb (1.3ms)
  Rendered layouts/_footer.html.erb (2.1ms)
Completed 200 OK in 128ms (Views: 125.5ms | ActiveRecord: 0.0ms)


Started GET "/signup" for ::1 at 2016-07-25 12:23:48 -0400
Processing by UsersController#new as HTML
  Rendering users/new.html.erb within layouts/application
  Rendered shared/_error_messages.html.erb (0.6ms)
  Rendered users/new.html.erb within layouts/application (8.4ms)
  Rendered layouts/_shim.html.erb (0.4ms)
  Rendered layouts/_header.html.erb (1.2ms)
  Rendered layouts/_footer.html.erb (2.6ms)
Completed 200 OK in 108ms (Views: 104.4ms | ActiveRecord: 0.0ms)


Started GET "/login" for ::1 at 2016-07-25 12:23:52 -0400
Processing by SessionsController#new as HTML
  Rendering sessions/new.html.erb within layouts/application
  Rendered sessions/new.html.erb within layouts/application (6.7ms)
  Rendered layouts/_shim.html.erb (0.4ms)
  Rendered layouts/_header.html.erb (1.2ms)
  Rendered layouts/_footer.html.erb (2.7ms)
Completed 200 OK in 117ms (Views: 113.4ms | ActiveRecord: 0.0ms)


Started GET "/login" for ::1 at 2016-07-25 12:24:01 -0400
Processing by SessionsController#new as HTML
  Rendering sessions/new.html.erb within layouts/application
  Rendered sessions/new.html.erb within layouts/application (2.2ms)
  Rendered layouts/_shim.html.erb (0.5ms)
  Rendered layouts/_header.html.erb (1.3ms)
  Rendered layouts/_footer.html.erb (2.5ms)
Completed 200 OK in 132ms (Views: 120.0ms | ActiveRecord: 0.0ms)


Started GET "/signup" for ::1 at 2016-07-25 12:24:03 -0400
Processing by UsersController#new as HTML
  Rendering users/new.html.erb within layouts/application
  Rendered shared/_error_messages.html.erb (0.9ms)
  Rendered users/new.html.erb within layouts/application (20.7ms)
  Rendered layouts/_shim.html.erb (0.5ms)
  Rendered layouts/_header.html.erb (1.3ms)
  Rendered layouts/_footer.html.erb (2.2ms)
Completed 200 OK in 127ms (Views: 123.4ms | ActiveRecord: 0.0ms)


Started POST "/users" for ::1 at 2016-07-25 12:24:14 -0400
Processing by UsersController#create as HTML
  Parameters: {"utf8"=>"✓", "authenticity_token"=>"C3Aw4kHNhKjyDmbfOQD/y7a0SOfqx224Ye38mNpjToNfbMtGYiqFnWo56eGvrU+LWd4xD5O8/HrFZn1VeqCZEQ==", "user"=>{"name"=>"T", "email"=>"t@t.com", "password"=>"[FILTERED]", "password_confirmation"=>"[FILTERED]"}, "commit"=>"Create my account"}
  [1m[35m (0.1ms)[0m  [1m[36mbegin transaction[0m
  [1m[36mUser Exists (0.3ms)[0m  [1m[34mSELECT  1 AS one FROM "users" WHERE LOWER("users"."email") = LOWER(?) LIMIT ?[0m  [["email", "t@t.com"], ["LIMIT", 1]]
  [1m[35mSQL (0.5ms)[0m  [1m[32mINSERT INTO "users" ("name", "email", "created_at", "updated_at", "password_digest", "activation_digest") VALUES (?, ?, ?, ?, ?, ?)[0m  [["name", "T"], ["email", "t@t.com"], ["created_at", 2016-07-25 16:24:14 UTC], ["updated_at", 2016-07-25 16:24:14 UTC], ["password_digest", "$2a$10$83NgSTMCLH5o0ngEuxqw2eDTaoWdCqMCTuuGxYulKy.DcLbweRisi"], ["activation_digest", "$2a$10$lWTFXbVvKGGDNGiRqW2NO.oKOXQ2caH4z6VIN07enf8e.7uEZzNyO"]]
  [1m[35m (1.2ms)[0m  [1m[36mcommit transaction[0m
  Rendering user_mailer/account_activation.html.erb within layouts/mailer
  Rendered user_mailer/account_activation.html.erb within layouts/mailer (2.3ms)
  Rendering user_mailer/account_activation.text.erb within layouts/mailer
  Rendered user_mailer/account_activation.text.erb within layouts/mailer (0.9ms)
UserMailer#account_activation: processed outbound mail in 328.5ms
Sent mail to t@t.com (17.1ms)
Date: Mon, 25 Jul 2016 12:24:15 -0400
From: from@example.com
To: t@t.com
Message-ID: <57963d2fbd81f_c3583fd23e10bd6430170@Thads-MBP.mail>
Subject: Account activation
Mime-Version: 1.0
Content-Type: multipart/alternative;
 boundary="--==_mimepart_57963d2fba0ef_c3583fd23e10bd64300ca";
 charset=UTF-8
Content-Transfer-Encoding: 7bit


----==_mimepart_57963d2fba0ef_c3583fd23e10bd64300ca
Content-Type: text/plain;
 charset=UTF-8
Content-Transfer-Encoding: 7bit

Hi T,

Welcome to the LightVest! Click on the link below to activate your account:

http://localhost:3000/account_activations/6SInT2rlm24cM4OB7S24jg/edit?email=t%40t.com


----==_mimepart_57963d2fba0ef_c3583fd23e10bd64300ca
Content-Type: text/html;
 charset=UTF-8
Content-Transfer-Encoding: 7bit

<html>
  <body>
    <h1>LightVest</h1>

<p>Hi T,</p>

<p>
Welcome to LightVest! Click on the link below to activate your account:
</p>

<a href="http://localhost:3000/account_activations/6SInT2rlm24cM4OB7S24jg/edit?email=t%40t.com">Activate</a>

  </body>
</html>

----==_mimepart_57963d2fba0ef_c3583fd23e10bd64300ca--

Redirected to http://localhost:3000/
Completed 302 Found in 1289ms (ActiveRecord: 2.0ms)


Started GET "/" for ::1 at 2016-07-25 12:24:15 -0400
Processing by StaticPagesController#home as HTML
  Rendering static_pages/home.html.erb within layouts/application
  Rendered static_pages/home.html.erb within layouts/application (0.8ms)
  Rendered layouts/_shim.html.erb (0.5ms)
  Rendered layouts/_header.html.erb (1.5ms)
  Rendered layouts/_footer.html.erb (2.4ms)
Completed 200 OK in 80ms (Views: 76.8ms | ActiveRecord: 0.0ms)


Started GET "/account_activations/6SInT2rlm24cM4OB7S24jg/edit?email=t%40t.com" for ::1 at 2016-07-25 12:24:47 -0400
Processing by AccountActivationsController#edit as HTML
  Parameters: {"email"=>"t@t.com", "id"=>"6SInT2rlm24cM4OB7S24jg"}
  [1m[36mUser Load (0.3ms)[0m  [1m[34mSELECT  "users".* FROM "users" WHERE "users"."email" = ? LIMIT ?[0m  [["email", "t@t.com"], ["LIMIT", 1]]
  [1m[35m (0.1ms)[0m  [1m[36mbegin transaction[0m
  [1m[35mSQL (0.4ms)[0m  [1m[33mUPDATE "users" SET "activated" = ?, "updated_at" = ? WHERE "users"."id" = ?[0m  [["activated", true], ["updated_at", 2016-07-25 16:24:47 UTC], ["id", 1]]
  [1m[35m (1.9ms)[0m  [1m[36mcommit transaction[0m
  [1m[35m (0.1ms)[0m  [1m[36mbegin transaction[0m
  [1m[35mSQL (0.4ms)[0m  [1m[33mUPDATE "users" SET "updated_at" = ?, "activated_at" = ? WHERE "users"."id" = ?[0m  [["updated_at", 2016-07-25 16:24:47 UTC], ["activated_at", 2016-07-25 16:24:47 UTC], ["id", 1]]
  [1m[35m (1.7ms)[0m  [1m[36mcommit transaction[0m
Redirected to http://localhost:3000/users/1
Completed 302 Found in 109ms (ActiveRecord: 4.9ms)


Started GET "/users/1" for ::1 at 2016-07-25 12:24:47 -0400
Processing by UsersController#show as HTML
  Parameters: {"id"=>"1"}
  [1m[36mUser Load (0.2ms)[0m  [1m[34mSELECT  "users".* FROM "users" WHERE "users"."id" = ? LIMIT ?[0m  [["id", 1], ["LIMIT", 1]]
  Rendering users/show.html.erb within layouts/application
  Rendered users/show.html.erb within layouts/application (0.9ms)
  Rendered layouts/_shim.html.erb (0.4ms)
  [1m[36mUser Load (0.2ms)[0m  [1m[34mSELECT  "users".* FROM "users" WHERE "users"."id" = ? LIMIT ?[0m  [["id", 1], ["LIMIT", 1]]
  Rendered layouts/_header.html.erb (3.0ms)
  Rendered layouts/_footer.html.erb (3.4ms)
Completed 200 OK in 109ms (Views: 89.9ms | ActiveRecord: 0.4ms)


Started GET "/users/1" for ::1 at 2016-07-25 12:24:52 -0400
Processing by UsersController#show as HTML
  Parameters: {"id"=>"1"}
  [1m[36mUser Load (6.4ms)[0m  [1m[34mSELECT  "users".* FROM "users" WHERE "users"."id" = ? LIMIT ?[0m  [["id", 1], ["LIMIT", 1]]
  Rendering users/show.html.erb within layouts/application
  Rendered users/show.html.erb within layouts/application (1.4ms)
  Rendered layouts/_shim.html.erb (0.4ms)
  [1m[36mUser Load (0.1ms)[0m  [1m[34mSELECT  "users".* FROM "users" WHERE "users"."id" = ? LIMIT ?[0m  [["id", 1], ["LIMIT", 1]]
  Rendered layouts/_header.html.erb (3.0ms)
  Rendered layouts/_footer.html.erb (2.2ms)
Completed 200 OK in 91ms (Views: 80.2ms | ActiveRecord: 6.6ms)


Started GET "/users/1/edit" for ::1 at 2016-07-25 12:24:55 -0400
Processing by UsersController#edit as HTML
  Parameters: {"id"=>"1"}
  [1m[36mUser Load (0.2ms)[0m  [1m[34mSELECT  "users".* FROM "users" WHERE "users"."id" = ? LIMIT ?[0m  [["id", 1], ["LIMIT", 1]]
  [1m[36mUser Load (0.1ms)[0m  [1m[34mSELECT  "users".* FROM "users" WHERE "users"."id" = ? LIMIT ?[0m  [["id", 1], ["LIMIT", 1]]
  [1m[36mCACHE (0.0ms)[0m  [1m[34mSELECT  "users".* FROM "users" WHERE "users"."id" = ? LIMIT ?[0m  [["id", 1], ["LIMIT", 1]]
  Rendering users/edit.html.erb within layouts/application
  Rendered shared/_error_messages.html.erb (0.5ms)
  Rendered users/edit.html.erb within layouts/application (6.2ms)
  Rendered layouts/_shim.html.erb (0.5ms)
  Rendered layouts/_header.html.erb (3.1ms)
  Rendered layouts/_footer.html.erb (18.7ms)
Completed 200 OK in 169ms (Views: 97.7ms | ActiveRecord: 0.3ms)


Started PATCH "/users/1" for ::1 at 2016-07-25 12:25:02 -0400
Processing by UsersController#update as HTML
  Parameters: {"utf8"=>"✓", "authenticity_token"=>"KsCaTlBCb6AC/LQPmtxV1inX2vBeTnR04DRUL/xoSdt+3GHqc6VulZrLOzEMceWWxr2jGCc15bZEv9XiXKueSQ==", "user"=>{"name"=>"BB", "email"=>"t@t.com", "password"=>"[FILTERED]", "password_confirmation"=>"[FILTERED]"}, "commit"=>"Save changes", "id"=>"1"}
  [1m[36mUser Load (0.2ms)[0m  [1m[34mSELECT  "users".* FROM "users" WHERE "users"."id" = ? LIMIT ?[0m  [["id", 1], ["LIMIT", 1]]
  [1m[36mUser Load (0.3ms)[0m  [1m[34mSELECT  "users".* FROM "users" WHERE "users"."id" = ? LIMIT ?[0m  [["id", 1], ["LIMIT", 1]]
  [1m[36mCACHE (0.2ms)[0m  [1m[34mSELECT  "users".* FROM "users" WHERE "users"."id" = ? LIMIT ?[0m  [["id", 1], ["LIMIT", 1]]
  [1m[35m (0.1ms)[0m  [1m[36mbegin transaction[0m
  [1m[36mUser Exists (0.3ms)[0m  [1m[34mSELECT  1 AS one FROM "users" WHERE LOWER("users"."email") = LOWER(?) AND ("users"."id" != ?) LIMIT ?[0m  [["email", "t@t.com"], ["id", 1], ["LIMIT", 1]]
  [1m[35mSQL (0.4ms)[0m  [1m[33mUPDATE "users" SET "name" = ?, "updated_at" = ? WHERE "users"."id" = ?[0m  [["name", "BB"], ["updated_at", 2016-07-25 16:25:02 UTC], ["id", 1]]
  [1m[35m (1.5ms)[0m  [1m[36mcommit transaction[0m
Redirected to http://localhost:3000/users/1
Completed 302 Found in 17ms (ActiveRecord: 2.9ms)


Started GET "/users/1" for ::1 at 2016-07-25 12:25:02 -0400
Processing by UsersController#show as HTML
  Parameters: {"id"=>"1"}
  [1m[36mUser Load (0.2ms)[0m  [1m[34mSELECT  "users".* FROM "users" WHERE "users"."id" = ? LIMIT ?[0m  [["id", 1], ["LIMIT", 1]]
  Rendering users/show.html.erb within layouts/application
  Rendered users/show.html.erb within layouts/application (0.8ms)
  Rendered layouts/_shim.html.erb (1.0ms)
  [1m[36mUser Load (0.1ms)[0m  [1m[34mSELECT  "users".* FROM "users" WHERE "users"."id" = ? LIMIT ?[0m  [["id", 1], ["LIMIT", 1]]
  Rendered layouts/_header.html.erb (3.5ms)
  Rendered layouts/_footer.html.erb (3.4ms)
Completed 200 OK in 96ms (Views: 91.7ms | ActiveRecord: 0.3ms)


Started GET "/about" for ::1 at 2016-07-25 12:25:08 -0400
Processing by StaticPagesController#about as HTML
  Rendering static_pages/about.html.erb within layouts/application
  Rendered static_pages/about.html.erb within layouts/application (0.6ms)
  Rendered layouts/_shim.html.erb (0.4ms)
  [1m[36mUser Load (0.1ms)[0m  [1m[34mSELECT  "users".* FROM "users" WHERE "users"."id" = ? LIMIT ?[0m  [["id", 1], ["LIMIT", 1]]
  Rendered layouts/_header.html.erb (2.5ms)
  Rendered layouts/_footer.html.erb (2.2ms)
Completed 200 OK in 77ms (Views: 71.9ms | ActiveRecord: 0.1ms)


Started GET "/help" for ::1 at 2016-07-25 12:25:10 -0400
Processing by StaticPagesController#help as HTML
  Rendering static_pages/help.html.erb within layouts/application
  Rendered static_pages/help.html.erb within layouts/application (0.6ms)
  Rendered layouts/_shim.html.erb (0.6ms)
  [1m[36mUser Load (0.1ms)[0m  [1m[34mSELECT  "users".* FROM "users" WHERE "users"."id" = ? LIMIT ?[0m  [["id", 1], ["LIMIT", 1]]
  Rendered layouts/_header.html.erb (2.4ms)
  Rendered layouts/_footer.html.erb (2.0ms)
Completed 200 OK in 78ms (Views: 74.6ms | ActiveRecord: 0.1ms)


Started GET "/users/1/edit" for ::1 at 2016-07-25 12:25:14 -0400
Processing by UsersController#edit as HTML
  Parameters: {"id"=>"1"}
  [1m[36mUser Load (0.2ms)[0m  [1m[34mSELECT  "users".* FROM "users" WHERE "users"."id" = ? LIMIT ?[0m  [["id", 1], ["LIMIT", 1]]
  [1m[36mUser Load (0.1ms)[0m  [1m[34mSELECT  "users".* FROM "users" WHERE "users"."id" = ? LIMIT ?[0m  [["id", 1], ["LIMIT", 1]]
  [1m[36mCACHE (0.0ms)[0m  [1m[34mSELECT  "users".* FROM "users" WHERE "users"."id" = ? LIMIT ?[0m  [["id", 1], ["LIMIT", 1]]
  Rendering users/edit.html.erb within layouts/application
  Rendered shared/_error_messages.html.erb (0.9ms)
  Rendered users/edit.html.erb within layouts/application (6.6ms)
  Rendered layouts/_shim.html.erb (0.6ms)
  Rendered layouts/_header.html.erb (1.5ms)
  Rendered layouts/_footer.html.erb (2.2ms)
Completed 200 OK in 86ms (Views: 79.0ms | ActiveRecord: 0.3ms)


Started PATCH "/users/1" for ::1 at 2016-07-25 12:25:35 -0400
  [1m[36mActiveRecord::SchemaMigration Load (0.2ms)[0m  [1m[34mSELECT "schema_migrations".* FROM "schema_migrations"[0m
Processing by UsersController#update as HTML
  Parameters: {"utf8"=>"✓", "authenticity_token"=>"Nloe26jK2128PCoQJVIIFS7yts2CZSDyPUpXV+ISFVpiRuV/iy3aaCQLpS6z/7hVwZjPJfsesTCZwdaaQtHCyA==", "user"=>{"name"=>"BB", "email"=>"t@t.com", "password"=>"[FILTERED]", "password_confirmation"=>"[FILTERED]"}, "commit"=>"Save changes", "id"=>"1"}
  [1m[36mUser Load (0.3ms)[0m  [1m[34mSELECT  "users".* FROM "users" WHERE "users"."id" = ? LIMIT ?[0m  [["id", 1], ["LIMIT", 1]]
  [1m[36mUser Load (0.2ms)[0m  [1m[34mSELECT  "users".* FROM "users" WHERE "users"."id" = ? LIMIT ?[0m  [["id", 1], ["LIMIT", 1]]
  [1m[36mCACHE (0.0ms)[0m  [1m[34mSELECT  "users".* FROM "users" WHERE "users"."id" = ? LIMIT ?[0m  [["id", 1], ["LIMIT", 1]]
  [1m[35m (0.1ms)[0m  [1m[36mbegin transaction[0m
  [1m[36mUser Exists (0.3ms)[0m  [1m[34mSELECT  1 AS one FROM "users" WHERE LOWER("users"."email") = LOWER(?) AND ("users"."id" != ?) LIMIT ?[0m  [["email", "t@t.com"], ["id", 1], ["LIMIT", 1]]
  [1m[35mSQL (0.4ms)[0m  [1m[33mUPDATE "users" SET "password_digest" = ?, "updated_at" = ? WHERE "users"."id" = ?[0m  [["password_digest", "$2a$10$OLXKAo5brEEAeMlQcBRDTeq8zNemKmXQnm04Z9UWG1MATbs0aOvR2"], ["updated_at", 2016-07-25 16:25:36 UTC], ["id", 1]]
  [1m[35m (6.0ms)[0m  [1m[36mcommit transaction[0m
Redirected to http://localhost:3000/users/1
Completed 302 Found in 181ms (ActiveRecord: 8.0ms)


Started GET "/users/1" for ::1 at 2016-07-25 12:25:36 -0400
Processing by UsersController#show as HTML
  Parameters: {"id"=>"1"}
  [1m[36mUser Load (0.2ms)[0m  [1m[34mSELECT  "users".* FROM "users" WHERE "users"."id" = ? LIMIT ?[0m  [["id", 1], ["LIMIT", 1]]
  Rendering users/show.html.erb within layouts/application
  Rendered users/show.html.erb within layouts/application (3.2ms)
  Rendered layouts/_shim.html.erb (0.5ms)
  [1m[36mUser Load (0.2ms)[0m  [1m[34mSELECT  "users".* FROM "users" WHERE "users"."id" = ? LIMIT ?[0m  [["id", 1], ["LIMIT", 1]]
  Rendered layouts/_header.html.erb (3.4ms)
  Rendered layouts/_footer.html.erb (4.8ms)
Completed 200 OK in 539ms (Views: 530.2ms | ActiveRecord: 0.3ms)


Started DELETE "/logout" for ::1 at 2016-07-25 12:26:09 -0400
Processing by SessionsController#destroy as HTML
  Parameters: {"authenticity_token"=>"65drh9YtFEmE5XKJqRGpOEWhHst98UhvK51kkNLGB8+/i5Aj9coVfBzS/bc/vBl4qstnIwSK2a2PFuVdcgXQXQ=="}
  [1m[36mUser Load (0.2ms)[0m  [1m[34mSELECT  "users".* FROM "users" WHERE "users"."id" = ? LIMIT ?[0m  [["id", 1], ["LIMIT", 1]]
Redirected to http://localhost:3000/
Completed 302 Found in 3ms (ActiveRecord: 0.2ms)


Started GET "/" for ::1 at 2016-07-25 12:26:09 -0400
Processing by StaticPagesController#home as HTML
  Rendering static_pages/home.html.erb within layouts/application
  Rendered static_pages/home.html.erb within layouts/application (0.9ms)
  Rendered layouts/_shim.html.erb (1.0ms)
  Rendered layouts/_header.html.erb (7.7ms)
  Rendered layouts/_footer.html.erb (3.6ms)
Completed 200 OK in 110ms (Views: 106.9ms | ActiveRecord: 0.0ms)


Started GET "/login" for ::1 at 2016-07-25 12:26:11 -0400
Processing by SessionsController#new as HTML
  Rendering sessions/new.html.erb within layouts/application
  Rendered sessions/new.html.erb within layouts/application (807.2ms)
  Rendered layouts/_shim.html.erb (0.5ms)
  Rendered layouts/_header.html.erb (1.8ms)
  Rendered layouts/_footer.html.erb (3.0ms)
Completed 200 OK in 905ms (Views: 900.3ms | ActiveRecord: 0.0ms)


Started POST "/login" for ::1 at 2016-07-25 12:26:18 -0400
Processing by SessionsController#create as HTML
  Parameters: {"utf8"=>"✓", "authenticity_token"=>"1TGIneysSn8/nm75v13+mQahe1XQ+qZu04lrhlqqGHSBLXM5z0tLSqep4ccp8E7Z6csCvamBN6x3AupL+mnP5g==", "session"=>{"email"=>"t@t.com", "password"=>"[FILTERED]", "remember_me"=>"0"}, "commit"=>"Log in"}
  [1m[36mUser Load (0.3ms)[0m  [1m[34mSELECT  "users".* FROM "users" WHERE "users"."email" = ? LIMIT ?[0m  [["email", "t@t.com"], ["LIMIT", 1]]
Redirected to http://localhost:3000/users/1
Completed 302 Found in 96ms (ActiveRecord: 0.3ms)


Started GET "/users/1" for ::1 at 2016-07-25 12:26:18 -0400
Processing by UsersController#show as HTML
  Parameters: {"id"=>"1"}
  [1m[36mUser Load (0.1ms)[0m  [1m[34mSELECT  "users".* FROM "users" WHERE "users"."id" = ? LIMIT ?[0m  [["id", 1], ["LIMIT", 1]]
  Rendering users/show.html.erb within layouts/application
  Rendered users/show.html.erb within layouts/application (0.8ms)
  Rendered layouts/_shim.html.erb (0.4ms)
  [1m[36mUser Load (0.1ms)[0m  [1m[34mSELECT  "users".* FROM "users" WHERE "users"."id" = ? LIMIT ?[0m  [["id", 1], ["LIMIT", 1]]
  Rendered layouts/_header.html.erb (2.0ms)
  Rendered layouts/_footer.html.erb (1.9ms)
Completed 200 OK in 79ms (Views: 75.5ms | ActiveRecord: 0.3ms)


Started DELETE "/logout" for ::1 at 2016-07-25 12:26:30 -0400
Processing by SessionsController#destroy as HTML
  Parameters: {"authenticity_token"=>"ws7JIsNYo6YikiKW34xbgFr6KChCRq1yHpHaaAUq2KKW0jKG4L+ik7qlrahJIevAtZBRwDs9PLC6GlulpekPMA=="}
  [1m[36mUser Load (0.2ms)[0m  [1m[34mSELECT  "users".* FROM "users" WHERE "users"."id" = ? LIMIT ?[0m  [["id", 1], ["LIMIT", 1]]
Redirected to http://localhost:3000/
Completed 302 Found in 4ms (ActiveRecord: 0.2ms)


Started GET "/" for ::1 at 2016-07-25 12:26:30 -0400
Processing by StaticPagesController#home as HTML
  Rendering static_pages/home.html.erb within layouts/application
  Rendered static_pages/home.html.erb within layouts/application (0.7ms)
  Rendered layouts/_shim.html.erb (0.4ms)
  Rendered layouts/_header.html.erb (1.2ms)
  Rendered layouts/_footer.html.erb (2.3ms)
Completed 200 OK in 79ms (Views: 76.2ms | ActiveRecord: 0.0ms)


Started GET "/login" for ::1 at 2016-07-25 12:26:34 -0400
Processing by SessionsController#new as HTML
  Rendering sessions/new.html.erb within layouts/application
  Rendered sessions/new.html.erb within layouts/application (2.3ms)
  Rendered layouts/_shim.html.erb (0.5ms)
  Rendered layouts/_header.html.erb (1.3ms)
  Rendered layouts/_footer.html.erb (3.0ms)
Completed 200 OK in 79ms (Views: 72.8ms | ActiveRecord: 0.0ms)


Started GET "/password_resets/new" for ::1 at 2016-07-25 12:26:36 -0400
Processing by PasswordResetsController#new as HTML
  Rendering password_resets/new.html.erb within layouts/application
  Rendered password_resets/new.html.erb within layouts/application (1.7ms)
  Rendered layouts/_shim.html.erb (0.5ms)
  Rendered layouts/_header.html.erb (1.3ms)
  Rendered layouts/_footer.html.erb (3.7ms)
Completed 200 OK in 76ms (Views: 72.9ms | ActiveRecord: 0.0ms)


Started POST "/password_resets" for ::1 at 2016-07-25 12:26:43 -0400
Processing by PasswordResetsController#create as HTML
  Parameters: {"utf8"=>"✓", "authenticity_token"=>"TrzdI1/K1mRrrmkB1E3PFyJujY5Z2qvv0He/zBPDi9kaoCaHfC3XUfOZ5j9C4H9XzQT0ZiChOi10/D4BswBcSw==", "password_reset"=>"[FILTERED]", "commit"=>"Submit"}
  [1m[36mUser Load (0.2ms)[0m  [1m[34mSELECT  "users".* FROM "users" WHERE "users"."email" = ? LIMIT ?[0m  [["email", "t@t.com"], ["LIMIT", 1]]
  [1m[35m (0.1ms)[0m  [1m[36mbegin transaction[0m
  [1m[35mSQL (0.4ms)[0m  [1m[33mUPDATE "users" SET "reset_digest" = ?, "updated_at" = ? WHERE "users"."id" = ?[0m  [["reset_digest", "$2a$10$TLdVmccz98YXEZ6AWgYvqOW0sElFMCtE486KwvbDyztOfRaEFfidi"], ["updated_at", 2016-07-25 16:26:43 UTC], ["id", 1]]
  [1m[35m (2.1ms)[0m  [1m[36mcommit transaction[0m
  [1m[35m (0.1ms)[0m  [1m[36mbegin transaction[0m
  [1m[35mSQL (0.4ms)[0m  [1m[33mUPDATE "users" SET "updated_at" = ?, "reset_sent_at" = ? WHERE "users"."id" = ?[0m  [["updated_at", 2016-07-25 16:26:43 UTC], ["reset_sent_at", 2016-07-25 16:26:43 UTC], ["id", 1]]
  [1m[35m (1.3ms)[0m  [1m[36mcommit transaction[0m
  Rendering user_mailer/password_reset.html.erb within layouts/mailer
  Rendered user_mailer/password_reset.html.erb within layouts/mailer (2.4ms)
  Rendering user_mailer/password_reset.text.erb within layouts/mailer
  Rendered user_mailer/password_reset.text.erb within layouts/mailer (0.9ms)
UserMailer#password_reset: processed outbound mail in 268.2ms
Sent mail to t@t.com (17.3ms)
Date: Mon, 25 Jul 2016 12:26:44 -0400
From: from@example.com
To: t@t.com
Message-ID: <57963dc441b55_c3593fd23e10bc2414572@Thads-MBP.mail>
Subject: Password reset
Mime-Version: 1.0
Content-Type: multipart/alternative;
 boundary="--==_mimepart_57963dc43e483_c3593fd23e10bc241444c";
 charset=UTF-8
Content-Transfer-Encoding: 7bit


----==_mimepart_57963dc43e483_c3593fd23e10bc241444c
Content-Type: text/plain;
 charset=UTF-8
Content-Transfer-Encoding: 7bit

To reset your password click the link below:

http://localhost:3000/password_resets/1HSPhljvTorW_w32qzulXQ/edit?email=t%40t.com

This link will expire in two hours.

If you did not request your password to be reset, please ignore this email and
your password will stay as it is.


----==_mimepart_57963dc43e483_c3593fd23e10bc241444c
Content-Type: text/html;
 charset=UTF-8
Content-Transfer-Encoding: 7bit

<html>
  <body>
    <h1>Password reset</h1>

<p>To reset your password click the link below:</p>

<a href="http://localhost:3000/password_resets/1HSPhljvTorW_w32qzulXQ/edit?email=t%40t.com">Reset password</a>

<p>This link will expire in two hours.</p>

<p>
If you did not request your password to be reset, please ignore this email and
your password will stay as it is.
</p>

  </body>
</html>

----==_mimepart_57963dc43e483_c3593fd23e10bc241444c--

Redirected to http://localhost:3000/
Completed 302 Found in 968ms (ActiveRecord: 4.5ms)


Started GET "/" for ::1 at 2016-07-25 12:26:44 -0400
Processing by StaticPagesController#home as HTML
  Rendering static_pages/home.html.erb within layouts/application
  Rendered static_pages/home.html.erb within layouts/application (0.8ms)
  Rendered layouts/_shim.html.erb (0.7ms)
  Rendered layouts/_header.html.erb (1.5ms)
  Rendered layouts/_footer.html.erb (1.9ms)
Completed 200 OK in 90ms (Views: 87.5ms | ActiveRecord: 0.0ms)


Started GET "/password_resets/1HSPhljvTorW_w32qzulXQ/edit?email=t%40t.com" for ::1 at 2016-07-25 12:27:00 -0400
Processing by PasswordResetsController#edit as HTML
  Parameters: {"email"=>"t@t.com", "id"=>"1HSPhljvTorW_w32qzulXQ"}
  [1m[36mUser Load (0.2ms)[0m  [1m[34mSELECT  "users".* FROM "users" WHERE "users"."email" = ? LIMIT ?[0m  [["email", "t@t.com"], ["LIMIT", 1]]
  Rendering password_resets/edit.html.erb within layouts/application
  Rendered shared/_error_messages.html.erb (0.6ms)
  Rendered password_resets/edit.html.erb within layouts/application (5.6ms)
  Rendered layouts/_shim.html.erb (0.5ms)
  Rendered layouts/_header.html.erb (1.5ms)
  Rendered layouts/_footer.html.erb (2.4ms)
Completed 200 OK in 170ms (Views: 81.3ms | ActiveRecord: 0.2ms)


Started GET "/login" for ::1 at 2016-07-25 12:27:04 -0400
Processing by SessionsController#new as HTML
  Rendering sessions/new.html.erb within layouts/application
  Rendered sessions/new.html.erb within layouts/application (2.7ms)
  Rendered layouts/_shim.html.erb (0.9ms)
  Rendered layouts/_header.html.erb (1.4ms)
  Rendered layouts/_footer.html.erb (3.5ms)
Completed 200 OK in 100ms (Views: 94.2ms | ActiveRecord: 0.0ms)


DEPRECATION WARNING: ActiveRecord::Base.raise_in_transactional_callbacks= is deprecated, has no effect and will be removed without replacement. (called from block in _load_from at config/puma.rb:15)
DEPRECATION WARNING: ActiveRecord::Base.raise_in_transactional_callbacks= is deprecated, has no effect and will be removed without replacement. (called from block in _load_from at config/puma.rb:15)
